<?xml version="1.0" encoding="UTF-8"?>
<!-- Generated by org.testng.reporters.JUnitReportReporter -->
<testsuite hostname="DESKTOP-7J8M9JT" failures="0" tests="4" name="DemoQa.DemoQa.Widgets" time="69.130" errors="0" timestamp="2023-10-13T11:04:37 IST" skipped="0">
  <testcase classname="DemoQa.DemoQa.Widgets" name="elements" time="22.127"/>
  <system-out/>
  <testcase classname="DemoQa.DemoQa.Widgets" name="widgets2" time="5.099"/>
  <system-out/>
  <testcase classname="DemoQa.DemoQa.Widgets" name="Accordian" time="19.438"/>
  <system-out/>
  <testcase classname="DemoQa.DemoQa.Widgets" name="autoComplete" time="22.466"/>
  <system-out/>
</testsuite> <!-- DemoQa.DemoQa.Widgets -->
