<?xml version="1.0" encoding="UTF-8"?>
<!-- Generated by org.testng.reporters.JUnitReportReporter -->
<testsuite hostname="DESKTOP-7J8M9JT" failures="0" tests="10" name="DemoQa.DemoQa.Widgets" time="196.780" errors="0" timestamp="2023-10-25T16:46:45 IST" skipped="0">
  <testcase classname="DemoQa.DemoQa.Widgets" name="elements" time="22.145"/>
  <testcase classname="DemoQa.DemoQa.Widgets" name="widgets2" time="5.104"/>
  <testcase classname="DemoQa.DemoQa.Widgets" name="Accordian" time="19.594"/>
  <testcase classname="DemoQa.DemoQa.Widgets" name="autoComplete" time="22.836"/>
  <testcase classname="DemoQa.DemoQa.Widgets" name="datePicker" time="33.579"/>
  <testcase classname="DemoQa.DemoQa.Widgets" name="slider" time="4.639"/>
  <testcase classname="DemoQa.DemoQa.Widgets" name="progressBar" time="14.660"/>
  <testcase classname="DemoQa.DemoQa.Widgets" name="tabs" time="4.367"/>
  <testcase classname="DemoQa.DemoQa.Widgets" name="toolTips" time="41.181"/>
  <testcase classname="DemoQa.DemoQa.Widgets" name="menu" time="28.675"/>
</testsuite> <!-- DemoQa.DemoQa.Widgets -->
