<?xml version="1.0" encoding="UTF-8"?>
<!-- Generated by org.testng.reporters.JUnitReportReporter -->
<testsuite hostname="DESKTOP-7J8M9JT" failures="0" tests="2" name="DemoQa.DemoQa.NewTest" time="21.342" errors="0" timestamp="2023-09-19T15:53:59 IST" skipped="0">
  <testcase classname="DemoQa.DemoQa.NewTest" name="elements" time="21.200"/>
  <system-out/>
  <testcase classname="DemoQa.DemoQa.NewTest" name="UploadAndDownload" time="0.142"/>
  <system-out/>
</testsuite> <!-- DemoQa.DemoQa.NewTest -->
