<?xml version="1.0" encoding="UTF-8"?>
<!-- Generated by org.testng.reporters.JUnitReportReporter -->
<testsuite hostname="DESKTOP-7J8M9JT" failures="0" tests="3" name="DemoQa.DemoQa.NewTest" time="50.043" errors="0" timestamp="2023-10-26T16:58:14 IST" skipped="0">
  <testcase classname="DemoQa.DemoQa.NewTest" name="elements" time="22.173"/>
  <testcase classname="DemoQa.DemoQa.NewTest" name="widgets2" time="6.120"/>
  <testcase classname="DemoQa.DemoQa.NewTest" name="menu" time="21.750"/>
</testsuite> <!-- DemoQa.DemoQa.NewTest -->
