<?xml version="1.0" encoding="UTF-8"?>
<!-- Generated by org.testng.reporters.JUnitReportReporter -->
<testsuite hostname="DESKTOP-7J8M9JT" failures="0" tests="3" name="DemoQa.DemoQa.Forms" time="78.103" errors="0" timestamp="2023-09-22T12:14:40 IST" skipped="0">
  <testcase classname="DemoQa.DemoQa.Forms" name="elements" time="17.103"/>
  <system-out/>
  <testcase classname="DemoQa.DemoQa.Forms" name="forms" time="5.073"/>
  <system-out/>
  <testcase classname="DemoQa.DemoQa.Forms" name="PracticeForm" time="55.927"/>
  <system-out/>
</testsuite> <!-- DemoQa.DemoQa.Forms -->
