<?xml version="1.0" encoding="UTF-8"?>
<!-- Generated by org.testng.reporters.JUnitReportReporter -->
<testsuite hostname="DESKTOP-7J8M9JT" failures="0" tests="3" name="DemoQa.DemoQa.NewTest" time="44.581" errors="0" timestamp="2023-10-05T14:40:26 IST" skipped="0">
  <testcase classname="DemoQa.DemoQa.NewTest" name="elements" time="30.120"/>
  <system-out/>
  <testcase classname="DemoQa.DemoQa.NewTest" name="alertFramesandWindows" time="5.106"/>
  <system-out/>
  <testcase classname="DemoQa.DemoQa.NewTest" name="modalDialogs" time="9.355"/>
  <system-out/>
</testsuite> <!-- DemoQa.DemoQa.NewTest -->
