<?xml version="1.0" encoding="UTF-8"?>
<!-- Generated by org.testng.reporters.JUnitReportReporter -->
<testsuite hostname="DESKTOP-7J8M9JT" failures="0" tests="2" name="DemoQa.DemoQa.NewTest" time="41.581" errors="0" timestamp="2023-10-12T18:44:41 IST" skipped="0">
  <testcase classname="DemoQa.DemoQa.NewTest" name="elements" time="22.127"/>
  <system-out/>
  <testcase classname="DemoQa.DemoQa.NewTest" name="widgets2" time="19.454"/>
  <system-out/>
</testsuite> <!-- DemoQa.DemoQa.NewTest -->
