<?xml version="1.0" encoding="UTF-8"?>
<!-- Generated by org.testng.reporters.JUnitReportReporter -->
<testsuite hostname="DESKTOP-7J8M9JT" failures="0" tests="3" name="DemoQa.DemoQa.NewTest" time="31.934" errors="0" timestamp="2023-10-16T18:35:12 IST" skipped="0">
  <testcase classname="DemoQa.DemoQa.NewTest" name="elements" time="22.122"/>
  <system-out/>
  <testcase classname="DemoQa.DemoQa.NewTest" name="widgets2" time="5.110"/>
  <system-out/>
  <testcase classname="DemoQa.DemoQa.NewTest" name="slider" time="4.702"/>
  <system-out/>
</testsuite> <!-- DemoQa.DemoQa.NewTest -->
