<?xml version="1.0" encoding="UTF-8"?>
<!-- Generated by org.testng.reporters.JUnitReportReporter -->
<testsuite hostname="DESKTOP-7J8M9JT" failures="0" tests="7" name="DemoQa.DemoQa.Widgets" time="121.806" errors="0" timestamp="2023-10-17T17:55:42 IST" skipped="0">
  <testcase classname="DemoQa.DemoQa.Widgets" name="elements" time="22.111"/>
  <testcase classname="DemoQa.DemoQa.Widgets" name="widgets2" time="5.095"/>
  <testcase classname="DemoQa.DemoQa.Widgets" name="Accordian" time="19.395"/>
  <testcase classname="DemoQa.DemoQa.Widgets" name="autoComplete" time="22.408"/>
  <testcase classname="DemoQa.DemoQa.Widgets" name="datePicker" time="33.475"/>
  <testcase classname="DemoQa.DemoQa.Widgets" name="slider" time="4.645"/>
  <testcase classname="DemoQa.DemoQa.Widgets" name="progressBar" time="14.677"/>
</testsuite> <!-- DemoQa.DemoQa.Widgets -->
