<?xml version="1.0" encoding="UTF-8"?>
<!-- Generated by org.testng.reporters.JUnitReportReporter -->
<testsuite hostname="DESKTOP-7J8M9JT" failures="0" tests="2" name="DemoQa.DemoQa.Widgets" time="46.660" errors="0" timestamp="2023-10-06T16:48:52 IST" skipped="0">
  <testcase classname="DemoQa.DemoQa.Widgets" name="elements" time="22.091"/>
  <system-out/>
  <testcase classname="DemoQa.DemoQa.Widgets" name="widgets2" time="24.569"/>
  <system-out/>
</testsuite> <!-- DemoQa.DemoQa.Widgets -->
