<?xml version="1.0" encoding="UTF-8"?>
<!-- Generated by org.testng.reporters.JUnitReportReporter -->
<testsuite hostname="DESKTOP-7J8M9JT" failures="0" tests="3" name="DemoQa.DemoQa.NewTest" time="31.565" errors="0" timestamp="2023-10-17T18:10:00 IST" skipped="0">
  <testcase classname="DemoQa.DemoQa.NewTest" name="elements" time="22.128"/>
  <testcase classname="DemoQa.DemoQa.NewTest" name="widgets2" time="5.202"/>
  <testcase classname="DemoQa.DemoQa.NewTest" name="tabs" time="4.235"/>
</testsuite> <!-- DemoQa.DemoQa.NewTest -->
