<?xml version="1.0" encoding="UTF-8"?>
<!-- Generated by org.testng.reporters.JUnitReportReporter -->
<testsuite hostname="DESKTOP-7J8M9JT" failures="0" tests="8" name="DemoQa.DemoQa.Widgets" time="135.967" errors="0" timestamp="2023-10-24T14:58:51 IST" skipped="0">
  <testcase classname="DemoQa.DemoQa.Widgets" name="elements" time="22.221"/>
  <testcase classname="DemoQa.DemoQa.Widgets" name="widgets2" time="5.518"/>
  <testcase classname="DemoQa.DemoQa.Widgets" name="Accordian" time="21.136"/>
  <testcase classname="DemoQa.DemoQa.Widgets" name="autoComplete" time="23.847"/>
  <testcase classname="DemoQa.DemoQa.Widgets" name="datePicker" time="36.909"/>
  <testcase classname="DemoQa.DemoQa.Widgets" name="slider" time="5.249"/>
  <testcase classname="DemoQa.DemoQa.Widgets" name="progressBar" time="15.203"/>
  <testcase classname="DemoQa.DemoQa.Widgets" name="tabs" time="5.884"/>
</testsuite> <!-- DemoQa.DemoQa.Widgets -->
