<?xml version="1.0" encoding="UTF-8"?>
<!-- Generated by org.testng.reporters.JUnitReportReporter -->
<testsuite hostname="DESKTOP-7J8M9JT" failures="0" tests="3" name="DemoQa.DemoQa.NewTest" time="31.707" errors="0" timestamp="2023-10-24T16:19:39 IST" skipped="0">
  <testcase classname="DemoQa.DemoQa.NewTest" name="elements" time="22.108"/>
  <testcase classname="DemoQa.DemoQa.NewTest" name="widgets2" time="6.105"/>
  <testcase classname="DemoQa.DemoQa.NewTest" name="toolTips" time="3.494"/>
</testsuite> <!-- DemoQa.DemoQa.NewTest -->
