<?xml version="1.0" encoding="UTF-8"?>
<!-- Generated by org.testng.reporters.JUnitReportReporter -->
<testsuite hostname="DESKTOP-7J8M9JT" failures="0" tests="11" name="DemoQa.DemoQa.Widgets" time="264.474" errors="0" timestamp="2023-10-26T18:46:35 IST" skipped="0">
  <testcase classname="DemoQa.DemoQa.Widgets" name="elements" time="22.337"/>
  <testcase classname="DemoQa.DemoQa.Widgets" name="widgets2" time="5.150"/>
  <testcase classname="DemoQa.DemoQa.Widgets" name="Accordian" time="20.334"/>
  <testcase classname="DemoQa.DemoQa.Widgets" name="autoComplete" time="22.971"/>
  <testcase classname="DemoQa.DemoQa.Widgets" name="datePicker" time="35.624"/>
  <testcase classname="DemoQa.DemoQa.Widgets" name="slider" time="12.889"/>
  <testcase classname="DemoQa.DemoQa.Widgets" name="progressBar" time="46.984"/>
  <testcase classname="DemoQa.DemoQa.Widgets" name="tabs" time="4.840"/>
  <testcase classname="DemoQa.DemoQa.Widgets" name="toolTips" time="41.587"/>
  <testcase classname="DemoQa.DemoQa.Widgets" name="selectMenu" time="29.258"/>
  <testcase classname="DemoQa.DemoQa.Widgets" name="menu" time="22.500"/>
</testsuite> <!-- DemoQa.DemoQa.Widgets -->
