<?xml version="1.0" encoding="UTF-8"?>
<!-- Generated by org.testng.reporters.JUnitReportReporter -->
<testsuite hostname="DESKTOP-7J8M9JT" failures="0" tests="3" name="DemoQa.DemoQa.NewTest" time="74.245" errors="0" timestamp="2023-11-09T13:11:12 IST" skipped="0">
  <testcase classname="DemoQa.DemoQa.NewTest" name="elements" time="22.095"/>
  <testcase classname="DemoQa.DemoQa.NewTest" name="interaction" time="8.089"/>
  <testcase classname="DemoQa.DemoQa.NewTest" name="resizable" time="44.061"/>
</testsuite> <!-- DemoQa.DemoQa.NewTest -->
