<?xml version="1.0" encoding="UTF-8"?>
<!-- Generated by org.testng.reporters.JUnitReportReporter -->
<testsuite hostname="DESKTOP-7J8M9JT" failures="0" tests="3" name="DemoQa.DemoQa.AlertFrameswindows" time="67.464" errors="0" timestamp="2023-09-25T16:56:35 IST" skipped="0">
  <testcase classname="DemoQa.DemoQa.AlertFrameswindows" name="elements" time="22.218"/>
  <system-out/>
  <testcase classname="DemoQa.DemoQa.AlertFrameswindows" name="alertFramesandWindows" time="3.125"/>
  <system-out/>
  <testcase classname="DemoQa.DemoQa.AlertFrameswindows" name="broweserWindows" time="42.121"/>
  <system-out/>
</testsuite> <!-- DemoQa.DemoQa.AlertFrameswindows -->
