<?xml version="1.0" encoding="UTF-8"?>
<!-- Generated by org.testng.reporters.JUnitReportReporter -->
<testsuite hostname="DESKTOP-7J8M9JT" failures="0" tests="3" name="DemoQa.DemoQa.NewTest" time="53.225" errors="0" timestamp="2023-10-13T18:41:07 IST" skipped="0">
  <testcase classname="DemoQa.DemoQa.NewTest" name="elements" time="22.104"/>
  <system-out/>
  <testcase classname="DemoQa.DemoQa.NewTest" name="widgets2" time="5.117"/>
  <system-out/>
  <testcase classname="DemoQa.DemoQa.NewTest" name="Accordian" time="26.004"/>
  <system-out/>
</testsuite> <!-- DemoQa.DemoQa.NewTest -->
