<?xml version="1.0" encoding="UTF-8"?>
<!-- Generated by org.testng.reporters.JUnitReportReporter -->
<testsuite hostname="DESKTOP-7J8M9JT" failures="0" tests="6" name="DemoQa.DemoQa.AlertFrameswindows" time="146.372" errors="0" timestamp="2023-10-05T13:01:13 IST" skipped="0">
  <testcase classname="DemoQa.DemoQa.AlertFrameswindows" name="elements" time="22.174"/>
  <system-out/>
  <testcase classname="DemoQa.DemoQa.AlertFrameswindows" name="alertFramesandWindows" time="3.137"/>
  <system-out/>
  <testcase classname="DemoQa.DemoQa.AlertFrameswindows" name="broweserWindows" time="47.503"/>
  <system-out/>
  <testcase classname="DemoQa.DemoQa.AlertFrameswindows" name="alerts" time="25.343"/>
  <system-out/>
  <testcase classname="DemoQa.DemoQa.AlertFrameswindows" name="frames" time="15.487"/>
  <system-out/>
  <testcase classname="DemoQa.DemoQa.AlertFrameswindows" name="nestedFrames" time="32.728"/>
  <system-out/>
</testsuite> <!-- DemoQa.DemoQa.AlertFrameswindows -->
