<?xml version="1.0" encoding="UTF-8"?>
<!-- Generated by org.testng.reporters.JUnitReportReporter -->
<testsuite hostname="DESKTOP-7J8M9JT" failures="0" tests="8" name="DemoQa.DemoQa.Elements" time="240.240" errors="0" timestamp="2023-09-19T14:17:34 IST" skipped="0">
  <testcase classname="DemoQa.DemoQa.Elements" name="elements" time="17.173"/>
  <system-out/>
  <testcase classname="DemoQa.DemoQa.Elements" name="textbox" time="15.678"/>
  <system-out/>
  <testcase classname="DemoQa.DemoQa.Elements" name="checkbox" time="10.292"/>
  <system-out/>
  <testcase classname="DemoQa.DemoQa.Elements" name="Radiobutton" time="2.178"/>
  <system-out/>
  <testcase classname="DemoQa.DemoQa.Elements" name="WebTables" time="35.495"/>
  <system-out/>
  <testcase classname="DemoQa.DemoQa.Elements" name="Buttons" time="19.556"/>
  <system-out/>
  <testcase classname="DemoQa.DemoQa.Elements" name="Links" time="116.574"/>
  <system-out/>
  <testcase classname="DemoQa.DemoQa.Elements" name="BrokenLinksImages" time="23.294"/>
  <system-out/>
</testsuite> <!-- DemoQa.DemoQa.Elements -->
