<?xml version="1.0" encoding="UTF-8"?>
<!-- Generated by org.testng.reporters.JUnitReportReporter -->
<testsuite hostname="DESKTOP-7J8M9JT" failures="0" tests="5" name="DemoQa.DemoQa.Widgets" time="102.534" errors="0" timestamp="2023-10-16T12:16:52 IST" skipped="0">
  <testcase classname="DemoQa.DemoQa.Widgets" name="elements" time="22.102"/>
  <system-out/>
  <testcase classname="DemoQa.DemoQa.Widgets" name="widgets2" time="5.106"/>
  <system-out/>
  <testcase classname="DemoQa.DemoQa.Widgets" name="Accordian" time="19.462"/>
  <system-out/>
  <testcase classname="DemoQa.DemoQa.Widgets" name="autoComplete" time="22.433"/>
  <system-out/>
  <testcase classname="DemoQa.DemoQa.Widgets" name="datePicker" time="33.431"/>
  <system-out/>
</testsuite> <!-- DemoQa.DemoQa.Widgets -->
