<?xml version="1.0" encoding="UTF-8"?>
<!-- Generated by org.testng.reporters.JUnitReportReporter -->
<testsuite hostname="DESKTOP-7J8M9JT" failures="0" tests="3" name="DemoQa.DemoQa.NewTest" time="45.242" errors="0" timestamp="2023-10-03T12:25:25 IST" skipped="0">
  <testcase classname="DemoQa.DemoQa.NewTest" name="elements" time="30.249"/>
  <system-out/>
  <testcase classname="DemoQa.DemoQa.NewTest" name="alertFramesandWindows" time="5.189"/>
  <system-out/>
  <testcase classname="DemoQa.DemoQa.NewTest" name="frames" time="9.804"/>
  <system-out/>
</testsuite> <!-- DemoQa.DemoQa.NewTest -->
