<?xml version="1.0" encoding="UTF-8"?>
<!-- Generated by org.testng.reporters.JUnitReportReporter -->
<testsuite hostname="DESKTOP-7J8M9JT" failures="0" tests="3" name="DemoQa.DemoQa.Forms" time="79.697" errors="0" timestamp="2023-09-22T15:15:53 IST" skipped="0">
  <testcase classname="DemoQa.DemoQa.Forms" name="elements" time="17.367"/>
  <system-out/>
  <testcase classname="DemoQa.DemoQa.Forms" name="forms" time="5.122"/>
  <system-out/>
  <testcase classname="DemoQa.DemoQa.Forms" name="PracticeForm" time="57.208"/>
  <system-out/>
</testsuite> <!-- DemoQa.DemoQa.Forms -->
