<?xml version="1.0" encoding="UTF-8"?>
<!-- Generated by org.testng.reporters.JUnitReportReporter -->
<testsuite hostname="DESKTOP-7J8M9JT" failures="0" tests="4" name="DemoQa.DemoQa.Interactions" time="110.595" errors="0" timestamp="2023-10-27T16:39:42 IST" skipped="0">
  <testcase classname="DemoQa.DemoQa.Interactions" name="elements" time="22.110"/>
  <testcase classname="DemoQa.DemoQa.Interactions" name="interaction" time="8.084"/>
  <testcase classname="DemoQa.DemoQa.Interactions" name="sortable" time="64.455"/>
  <testcase classname="DemoQa.DemoQa.Interactions" name="selectable" time="15.946"/>
</testsuite> <!-- DemoQa.DemoQa.Interactions -->
